# Logfile created on 2014-06-27 13:10:54 -0300 by logger.rb/36483
I, [2014-06-27T13:10:54.993742 #11548]  INFO -- : 0:  i18n (0.6.9) from /home/leandro/.rbenv/versions/2.0.0-p247/lib/ruby/gems/2.0.0/specifications/i18n-0.6.9.gemspec
I, [2014-06-27T13:10:54.994553 #11548]  INFO -- : 0:  json (1.8.1) from /home/leandro/.rbenv/versions/2.0.0-p247/lib/ruby/gems/2.0.0/specifications/json-1.8.1.gemspec
I, [2014-06-27T13:10:58.698740 #11548]  INFO -- : 0:  minitest (5.3.5) from /home/leandro/.rbenv/versions/2.0.0-p247/lib/ruby/gems/2.0.0/specifications/minitest-5.3.5.gemspec
I, [2014-06-27T13:10:58.699983 #11548]  INFO -- : 0:  thread_safe (0.3.4) from /home/leandro/.rbenv/versions/2.0.0-p247/lib/ruby/gems/2.0.0/specifications/thread_safe-0.3.4.gemspec
I, [2014-06-27T13:11:05.831335 #11548]  INFO -- : 0:  tzinfo (1.2.1) from /home/leandro/.rbenv/versions/2.0.0-p247/lib/ruby/gems/2.0.0/specifications/tzinfo-1.2.1.gemspec
I, [2014-06-27T13:11:19.011741 #11548]  INFO -- : 0:  activesupport (4.1.2) from /home/leandro/.rbenv/versions/2.0.0-p247/lib/ruby/gems/2.0.0/specifications/activesupport-4.1.2.gemspec
I, [2014-06-27T13:11:22.781838 #11548]  INFO -- : 0:  builder (3.2.2) from /home/leandro/.rbenv/versions/2.0.0-p247/lib/ruby/gems/2.0.0/specifications/builder-3.2.2.gemspec
I, [2014-06-27T13:11:26.609714 #11548]  INFO -- : 0:  activemodel (4.1.2) from /home/leandro/.rbenv/versions/2.0.0-p247/lib/ruby/gems/2.0.0/specifications/activemodel-4.1.2.gemspec
I, [2014-06-27T13:11:29.821793 #11548]  INFO -- : 0:  descendants_tracker (0.0.4) from /home/leandro/.rbenv/versions/2.0.0-p247/lib/ruby/gems/2.0.0/specifications/descendants_tracker-0.0.4.gemspec
I, [2014-06-27T13:11:35.353788 #11548]  INFO -- : 0:  ice_nine (0.11.0) from /home/leandro/.rbenv/versions/2.0.0-p247/lib/ruby/gems/2.0.0/specifications/ice_nine-0.11.0.gemspec
I, [2014-06-27T13:11:41.964585 #11548]  INFO -- : 0:  axiom-types (0.1.1) from /home/leandro/.rbenv/versions/2.0.0-p247/lib/ruby/gems/2.0.0/specifications/axiom-types-0.1.1.gemspec
I, [2014-06-27T13:11:45.199315 #11548]  INFO -- : 0:  bson (1.10.2) from /home/leandro/.rbenv/versions/2.0.0-p247/lib/ruby/gems/2.0.0/specifications/bson-1.10.2.gemspec
I, [2014-06-27T13:11:49.387735 #11548]  INFO -- : 0:  bson_ext (1.10.2) from /home/leandro/.rbenv/versions/2.0.0-p247/lib/ruby/gems/2.0.0/specifications/bson_ext-1.10.2.gemspec
I, [2014-06-27T13:11:49.388550 #11548]  INFO -- : 0:  timers (1.1.0) from /home/leandro/.rbenv/versions/2.0.0-p247/lib/ruby/gems/2.0.0/specifications/timers-1.1.0.gemspec
I, [2014-06-27T13:11:49.389115 #11548]  INFO -- : 0:  celluloid (0.15.2) from /home/leandro/.rbenv/versions/2.0.0-p247/lib/ruby/gems/2.0.0/specifications/celluloid-0.15.2.gemspec
I, [2014-06-27T13:11:49.389663 #11548]  INFO -- : 0:  coderay (1.1.0) from /home/leandro/.rbenv/versions/2.0.0-p247/lib/ruby/gems/2.0.0/specifications/coderay-1.1.0.gemspec
I, [2014-06-27T13:11:57.490647 #11548]  INFO -- : 0:  coercible (1.0.0) from /home/leandro/.rbenv/versions/2.0.0-p247/lib/ruby/gems/2.0.0/specifications/coercible-1.0.0.gemspec
I, [2014-06-27T13:12:00.665719 #11548]  INFO -- : 0:  equalizer (0.0.9) from /home/leandro/.rbenv/versions/2.0.0-p247/lib/ruby/gems/2.0.0/specifications/equalizer-0.0.9.gemspec
I, [2014-06-27T13:12:03.368742 #11548]  INFO -- : 0:  multipart-post (2.0.0) from /home/leandro/.rbenv/versions/2.0.0-p247/lib/ruby/gems/2.0.0/specifications/multipart-post-2.0.0.gemspec
I, [2014-06-27T13:12:09.788624 #11548]  INFO -- : 0:  faraday (0.9.0) from /home/leandro/.rbenv/versions/2.0.0-p247/lib/ruby/gems/2.0.0/specifications/faraday-0.9.0.gemspec
I, [2014-06-27T13:12:09.789154 #11548]  INFO -- : 0:  ffi (1.9.3) from /home/leandro/.rbenv/versions/2.0.0-p247/lib/ruby/gems/2.0.0/specifications/ffi-1.9.3.gemspec
I, [2014-06-27T13:12:14.386808 #11548]  INFO -- : 0:  hashie (3.1.0) from /home/leandro/.rbenv/versions/2.0.0-p247/lib/ruby/gems/2.0.0/specifications/hashie-3.1.0.gemspec
I, [2014-06-27T13:12:14.387939 #11548]  INFO -- : 0:  multi_json (1.10.1) from /home/leandro/.rbenv/versions/2.0.0-p247/lib/ruby/gems/2.0.0/specifications/multi_json-1.10.1.gemspec
I, [2014-06-27T13:12:14.388820 #11548]  INFO -- : 0:  multi_xml (0.5.5) from /home/leandro/.rbenv/versions/2.0.0-p247/lib/ruby/gems/2.0.0/specifications/multi_xml-0.5.5.gemspec
I, [2014-06-27T13:12:14.389658 #11548]  INFO -- : 0:  rack (1.5.2) from /home/leandro/.rbenv/versions/2.0.0-p247/lib/ruby/gems/2.0.0/specifications/rack-1.5.2.gemspec
I, [2014-06-27T13:12:17.330137 #11548]  INFO -- : 0:  rack-accept (0.4.5) from /home/leandro/.rbenv/versions/2.0.0-p247/lib/ruby/gems/2.0.0/specifications/rack-accept-0.4.5.gemspec
I, [2014-06-27T13:12:20.673820 #11548]  INFO -- : 0:  rack-mount (0.8.3) from /home/leandro/.rbenv/versions/2.0.0-p247/lib/ruby/gems/2.0.0/specifications/rack-mount-0.8.3.gemspec
I, [2014-06-27T13:12:28.603235 #11548]  INFO -- : 0:  virtus (1.0.2) from /home/leandro/.rbenv/versions/2.0.0-p247/lib/ruby/gems/2.0.0/specifications/virtus-1.0.2.gemspec
I, [2014-06-27T13:12:36.582942 #11548]  INFO -- : 0:  grape (0.7.0) from /home/leandro/.rbenv/versions/2.0.0-p247/lib/ruby/gems/2.0.0/specifications/grape-0.7.0.gemspec
I, [2014-06-27T13:12:36.584196 #11548]  INFO -- : 0:  tilt (1.4.1) from /home/leandro/.rbenv/versions/2.0.0-p247/lib/ruby/gems/2.0.0/specifications/tilt-1.4.1.gemspec
I, [2014-06-27T13:12:44.541765 #11548]  INFO -- : 0:  haml (4.0.5) from /home/leandro/.rbenv/versions/2.0.0-p247/lib/ruby/gems/2.0.0/specifications/haml-4.0.5.gemspec
I, [2014-06-27T13:12:47.758857 #11548]  INFO -- : 0:  http_logger (0.4.3) from /home/leandro/.rbenv/versions/2.0.0-p247/lib/ruby/gems/2.0.0/specifications/http_logger-0.4.3.gemspec
I, [2014-06-27T13:12:49.961365 #11548]  INFO -- : 0:  jwt (1.0.0) from /home/leandro/.rbenv/versions/2.0.0-p247/lib/ruby/gems/2.0.0/specifications/jwt-1.0.0.gemspec
I, [2014-06-27T13:12:49.962604 #11548]  INFO -- : 0:  libv8 (3.16.14.3) from /home/leandro/.rbenv/versions/2.0.0-p247/lib/ruby/gems/2.0.0/specifications/libv8-3.16.14.3-x86_64-linux.gemspec
I, [2014-06-27T13:12:49.962951 #11548]  INFO -- : 0:  rb-fsevent (0.9.4) from /home/leandro/.rbenv/versions/2.0.0-p247/lib/ruby/gems/2.0.0/specifications/rb-fsevent-0.9.4.gemspec
I, [2014-06-27T13:12:49.963289 #11548]  INFO -- : 0:  rb-inotify (0.9.5) from /home/leandro/.rbenv/versions/2.0.0-p247/lib/ruby/gems/2.0.0/specifications/rb-inotify-0.9.5.gemspec
I, [2014-06-27T13:12:54.974503 #11548]  INFO -- : 0:  listen (2.7.9) from /home/leandro/.rbenv/versions/2.0.0-p247/lib/ruby/gems/2.0.0/specifications/listen-2.7.9.gemspec
I, [2014-06-27T13:12:54.975764 #11548]  INFO -- : 0:  method_source (0.8.2) from /home/leandro/.rbenv/versions/2.0.0-p247/lib/ruby/gems/2.0.0/specifications/method_source-0.8.2.gemspec
I, [2014-06-27T13:13:02.769127 #11548]  INFO -- : 0:  mongo (1.10.2) from /home/leandro/.rbenv/versions/2.0.0-p247/lib/ruby/gems/2.0.0/specifications/mongo-1.10.2.gemspec
I, [2014-06-27T13:13:02.770373 #11548]  INFO -- : 0:  plucky (0.6.6) from /home/leandro/.rbenv/versions/2.0.0-p247/lib/ruby/gems/2.0.0/specifications/plucky-0.6.6.gemspec
I, [2014-06-27T13:13:03.015597 #11548]  INFO -- : 0:  mongo_mapper (0.13.0) from /home/leandro/.rbenv/versions/2.0.0-p247/lib/ruby/gems/2.0.0/bundler/gems/mongomapper-6caa720d3851/mongo_mapper.gemspec
I, [2014-06-27T13:13:06.315202 #11548]  INFO -- : 0:  oauth2 (0.9.4) from /home/leandro/.rbenv/versions/2.0.0-p247/lib/ruby/gems/2.0.0/specifications/oauth2-0.9.4.gemspec
I, [2014-06-27T13:13:06.316630 #11548]  INFO -- : 0:  slop (3.5.0) from /home/leandro/.rbenv/versions/2.0.0-p247/lib/ruby/gems/2.0.0/specifications/slop-3.5.0.gemspec
I, [2014-06-27T13:13:14.993815 #11548]  INFO -- : 0:  pry (0.10.0) from /home/leandro/.rbenv/versions/2.0.0-p247/lib/ruby/gems/2.0.0/specifications/pry-0.10.0.gemspec
I, [2014-06-27T13:13:17.610614 #11548]  INFO -- : 0:  rack-flash3 (1.0.5) from /home/leandro/.rbenv/versions/2.0.0-p247/lib/ruby/gems/2.0.0/specifications/rack-flash3-1.0.5.gemspec
I, [2014-06-27T13:13:21.245296 #11548]  INFO -- : 0:  rack-protection (1.5.3) from /home/leandro/.rbenv/versions/2.0.0-p247/lib/ruby/gems/2.0.0/specifications/rack-protection-1.5.3.gemspec
I, [2014-06-27T13:13:23.807735 #11548]  INFO -- : 0:  rerun (0.10.0) from /home/leandro/.rbenv/versions/2.0.0-p247/lib/ruby/gems/2.0.0/specifications/rerun-0.10.0.gemspec
I, [2014-06-27T13:13:32.698312 #11548]  INFO -- : 0:  sinatra (1.4.5) from /home/leandro/.rbenv/versions/2.0.0-p247/lib/ruby/gems/2.0.0/specifications/sinatra-1.4.5.gemspec
I, [2014-06-27T13:13:32.699783 #11548]  INFO -- : 0:  bundler (1.5.1) from /home/leandro/.rbenv/versions/2.0.0-p247/lib/ruby/gems/2.0.0/specifications/bundler-1.5.1.gemspec
I, [2014-06-27T14:18:03.146890 #27843]  INFO -- : 0:  rake (10.3.2) from /home/leandro/.rbenv/versions/2.0.0-p247/lib/ruby/gems/2.0.0/specifications/rake-10.3.2.gemspec
I, [2014-06-27T14:18:03.147632 #27843]  INFO -- : 0:  i18n (0.6.9) from /home/leandro/.rbenv/versions/2.0.0-p247/lib/ruby/gems/2.0.0/specifications/i18n-0.6.9.gemspec
I, [2014-06-27T14:18:03.183250 #27843]  INFO -- : 0:  json (1.8.1) from /home/leandro/.rbenv/versions/2.0.0-p247/lib/ruby/gems/2.0.0/specifications/json-1.8.1.gemspec
I, [2014-06-27T14:18:03.184037 #27843]  INFO -- : 0:  minitest (5.3.5) from /home/leandro/.rbenv/versions/2.0.0-p247/lib/ruby/gems/2.0.0/specifications/minitest-5.3.5.gemspec
I, [2014-06-27T14:18:03.184636 #27843]  INFO -- : 0:  thread_safe (0.3.4) from /home/leandro/.rbenv/versions/2.0.0-p247/lib/ruby/gems/2.0.0/specifications/thread_safe-0.3.4.gemspec
I, [2014-06-27T14:18:03.185211 #27843]  INFO -- : 0:  tzinfo (1.2.1) from /home/leandro/.rbenv/versions/2.0.0-p247/lib/ruby/gems/2.0.0/specifications/tzinfo-1.2.1.gemspec
I, [2014-06-27T14:18:03.185900 #27843]  INFO -- : 0:  activesupport (4.1.2) from /home/leandro/.rbenv/versions/2.0.0-p247/lib/ruby/gems/2.0.0/specifications/activesupport-4.1.2.gemspec
I, [2014-06-27T14:18:03.186673 #27843]  INFO -- : 0:  builder (3.2.2) from /home/leandro/.rbenv/versions/2.0.0-p247/lib/ruby/gems/2.0.0/specifications/builder-3.2.2.gemspec
I, [2014-06-27T14:18:03.187301 #27843]  INFO -- : 0:  activemodel (4.1.2) from /home/leandro/.rbenv/versions/2.0.0-p247/lib/ruby/gems/2.0.0/specifications/activemodel-4.1.2.gemspec
I, [2014-06-27T14:18:12.256859 #27843]  INFO -- : 0:  arel (5.0.1.20140414130214) from /home/leandro/.rbenv/versions/2.0.0-p247/lib/ruby/gems/2.0.0/specifications/arel-5.0.1.20140414130214.gemspec
I, [2014-06-27T14:18:23.575612 #27843]  INFO -- : 0:  activerecord (4.1.2) from /home/leandro/.rbenv/versions/2.0.0-p247/lib/ruby/gems/2.0.0/specifications/activerecord-4.1.2.gemspec
I, [2014-06-27T14:18:23.576128 #27843]  INFO -- : 0:  descendants_tracker (0.0.4) from /home/leandro/.rbenv/versions/2.0.0-p247/lib/ruby/gems/2.0.0/specifications/descendants_tracker-0.0.4.gemspec
I, [2014-06-27T14:18:23.576444 #27843]  INFO -- : 0:  ice_nine (0.11.0) from /home/leandro/.rbenv/versions/2.0.0-p247/lib/ruby/gems/2.0.0/specifications/ice_nine-0.11.0.gemspec
I, [2014-06-27T14:18:23.576734 #27843]  INFO -- : 0:  axiom-types (0.1.1) from /home/leandro/.rbenv/versions/2.0.0-p247/lib/ruby/gems/2.0.0/specifications/axiom-types-0.1.1.gemspec
I, [2014-06-27T14:18:23.577088 #27843]  INFO -- : 0:  timers (1.1.0) from /home/leandro/.rbenv/versions/2.0.0-p247/lib/ruby/gems/2.0.0/specifications/timers-1.1.0.gemspec
I, [2014-06-27T14:18:23.577453 #27843]  INFO -- : 0:  celluloid (0.15.2) from /home/leandro/.rbenv/versions/2.0.0-p247/lib/ruby/gems/2.0.0/specifications/celluloid-0.15.2.gemspec
I, [2014-06-27T14:18:23.577856 #27843]  INFO -- : 0:  coderay (1.1.0) from /home/leandro/.rbenv/versions/2.0.0-p247/lib/ruby/gems/2.0.0/specifications/coderay-1.1.0.gemspec
I, [2014-06-27T14:18:23.578208 #27843]  INFO -- : 0:  coercible (1.0.0) from /home/leandro/.rbenv/versions/2.0.0-p247/lib/ruby/gems/2.0.0/specifications/coercible-1.0.0.gemspec
I, [2014-06-27T14:18:23.578505 #27843]  INFO -- : 0:  equalizer (0.0.9) from /home/leandro/.rbenv/versions/2.0.0-p247/lib/ruby/gems/2.0.0/specifications/equalizer-0.0.9.gemspec
I, [2014-06-27T14:18:23.578825 #27843]  INFO -- : 0:  multipart-post (2.0.0) from /home/leandro/.rbenv/versions/2.0.0-p247/lib/ruby/gems/2.0.0/specifications/multipart-post-2.0.0.gemspec
I, [2014-06-27T14:18:23.579115 #27843]  INFO -- : 0:  faraday (0.9.0) from /home/leandro/.rbenv/versions/2.0.0-p247/lib/ruby/gems/2.0.0/specifications/faraday-0.9.0.gemspec
I, [2014-06-27T14:18:23.579408 #27843]  INFO -- : 0:  ffi (1.9.3) from /home/leandro/.rbenv/versions/2.0.0-p247/lib/ruby/gems/2.0.0/specifications/ffi-1.9.3.gemspec
I, [2014-06-27T14:18:23.579705 #27843]  INFO -- : 0:  hashie (3.1.0) from /home/leandro/.rbenv/versions/2.0.0-p247/lib/ruby/gems/2.0.0/specifications/hashie-3.1.0.gemspec
I, [2014-06-27T14:18:23.579998 #27843]  INFO -- : 0:  multi_json (1.10.1) from /home/leandro/.rbenv/versions/2.0.0-p247/lib/ruby/gems/2.0.0/specifications/multi_json-1.10.1.gemspec
I, [2014-06-27T14:18:23.580350 #27843]  INFO -- : 0:  multi_xml (0.5.5) from /home/leandro/.rbenv/versions/2.0.0-p247/lib/ruby/gems/2.0.0/specifications/multi_xml-0.5.5.gemspec
I, [2014-06-27T14:18:23.581261 #27843]  INFO -- : 0:  rack (1.5.2) from /home/leandro/.rbenv/versions/2.0.0-p247/lib/ruby/gems/2.0.0/specifications/rack-1.5.2.gemspec
I, [2014-06-27T14:18:23.582078 #27843]  INFO -- : 0:  rack-accept (0.4.5) from /home/leandro/.rbenv/versions/2.0.0-p247/lib/ruby/gems/2.0.0/specifications/rack-accept-0.4.5.gemspec
I, [2014-06-27T14:18:23.582706 #27843]  INFO -- : 0:  rack-mount (0.8.3) from /home/leandro/.rbenv/versions/2.0.0-p247/lib/ruby/gems/2.0.0/specifications/rack-mount-0.8.3.gemspec
I, [2014-06-27T14:18:23.583248 #27843]  INFO -- : 0:  virtus (1.0.2) from /home/leandro/.rbenv/versions/2.0.0-p247/lib/ruby/gems/2.0.0/specifications/virtus-1.0.2.gemspec
I, [2014-06-27T14:18:23.583771 #27843]  INFO -- : 0:  grape (0.7.0) from /home/leandro/.rbenv/versions/2.0.0-p247/lib/ruby/gems/2.0.0/specifications/grape-0.7.0.gemspec
I, [2014-06-27T14:18:23.584256 #27843]  INFO -- : 0:  tilt (1.4.1) from /home/leandro/.rbenv/versions/2.0.0-p247/lib/ruby/gems/2.0.0/specifications/tilt-1.4.1.gemspec
I, [2014-06-27T14:18:23.584815 #27843]  INFO -- : 0:  haml (4.0.5) from /home/leandro/.rbenv/versions/2.0.0-p247/lib/ruby/gems/2.0.0/specifications/haml-4.0.5.gemspec
I, [2014-06-27T14:18:23.585376 #27843]  INFO -- : 0:  http_logger (0.4.3) from /home/leandro/.rbenv/versions/2.0.0-p247/lib/ruby/gems/2.0.0/specifications/http_logger-0.4.3.gemspec
I, [2014-06-27T14:18:23.586004 #27843]  INFO -- : 0:  jwt (1.0.0) from /home/leandro/.rbenv/versions/2.0.0-p247/lib/ruby/gems/2.0.0/specifications/jwt-1.0.0.gemspec
I, [2014-06-27T14:18:23.586603 #27843]  INFO -- : 0:  rb-fsevent (0.9.4) from /home/leandro/.rbenv/versions/2.0.0-p247/lib/ruby/gems/2.0.0/specifications/rb-fsevent-0.9.4.gemspec
I, [2014-06-27T14:18:23.587122 #27843]  INFO -- : 0:  rb-inotify (0.9.5) from /home/leandro/.rbenv/versions/2.0.0-p247/lib/ruby/gems/2.0.0/specifications/rb-inotify-0.9.5.gemspec
I, [2014-06-27T14:18:23.587696 #27843]  INFO -- : 0:  listen (2.7.9) from /home/leandro/.rbenv/versions/2.0.0-p247/lib/ruby/gems/2.0.0/specifications/listen-2.7.9.gemspec
I, [2014-06-27T14:18:23.588212 #27843]  INFO -- : 0:  method_source (0.8.2) from /home/leandro/.rbenv/versions/2.0.0-p247/lib/ruby/gems/2.0.0/specifications/method_source-0.8.2.gemspec
I, [2014-06-27T14:18:35.922282 #27843]  INFO -- : 0:  mysql2 (0.3.16) from /home/leandro/.rbenv/versions/2.0.0-p247/lib/ruby/gems/2.0.0/specifications/mysql2-0.3.16.gemspec
I, [2014-06-27T14:18:35.923946 #27843]  INFO -- : 0:  oauth2 (0.9.4) from /home/leandro/.rbenv/versions/2.0.0-p247/lib/ruby/gems/2.0.0/specifications/oauth2-0.9.4.gemspec
I, [2014-06-27T14:18:35.925018 #27843]  INFO -- : 0:  slop (3.5.0) from /home/leandro/.rbenv/versions/2.0.0-p247/lib/ruby/gems/2.0.0/specifications/slop-3.5.0.gemspec
I, [2014-06-27T14:18:35.926156 #27843]  INFO -- : 0:  pry (0.10.0) from /home/leandro/.rbenv/versions/2.0.0-p247/lib/ruby/gems/2.0.0/specifications/pry-0.10.0.gemspec
I, [2014-06-27T14:18:35.927490 #27843]  INFO -- : 0:  rack-flash3 (1.0.5) from /home/leandro/.rbenv/versions/2.0.0-p247/lib/ruby/gems/2.0.0/specifications/rack-flash3-1.0.5.gemspec
I, [2014-06-27T14:18:35.928623 #27843]  INFO -- : 0:  rack-protection (1.5.3) from /home/leandro/.rbenv/versions/2.0.0-p247/lib/ruby/gems/2.0.0/specifications/rack-protection-1.5.3.gemspec
I, [2014-06-27T14:18:35.929758 #27843]  INFO -- : 0:  rerun (0.10.0) from /home/leandro/.rbenv/versions/2.0.0-p247/lib/ruby/gems/2.0.0/specifications/rerun-0.10.0.gemspec
I, [2014-06-27T14:18:35.930828 #27843]  INFO -- : 0:  sinatra (1.4.5) from /home/leandro/.rbenv/versions/2.0.0-p247/lib/ruby/gems/2.0.0/specifications/sinatra-1.4.5.gemspec
I, [2014-06-27T14:18:38.675033 #27843]  INFO -- : 0:  sinatra-activerecord (2.0.2) from /home/leandro/.rbenv/versions/2.0.0-p247/lib/ruby/gems/2.0.0/specifications/sinatra-activerecord-2.0.2.gemspec
I, [2014-06-27T14:18:38.676178 #27843]  INFO -- : 0:  bundler (1.5.1) from /home/leandro/.rbenv/versions/2.0.0-p247/lib/ruby/gems/2.0.0/specifications/bundler-1.5.1.gemspec
I, [2014-06-27T14:34:27.887731 #4509]  INFO -- : 0:  rake (10.3.2) from /home/leandro/.rbenv/versions/2.0.0-p247/lib/ruby/gems/2.0.0/specifications/rake-10.3.2.gemspec
I, [2014-06-27T14:34:27.888254 #4509]  INFO -- : 0:  i18n (0.6.9) from /home/leandro/.rbenv/versions/2.0.0-p247/lib/ruby/gems/2.0.0/specifications/i18n-0.6.9.gemspec
I, [2014-06-27T14:34:27.888608 #4509]  INFO -- : 0:  json (1.8.1) from /home/leandro/.rbenv/versions/2.0.0-p247/lib/ruby/gems/2.0.0/specifications/json-1.8.1.gemspec
I, [2014-06-27T14:34:27.888932 #4509]  INFO -- : 0:  minitest (5.3.5) from /home/leandro/.rbenv/versions/2.0.0-p247/lib/ruby/gems/2.0.0/specifications/minitest-5.3.5.gemspec
I, [2014-06-27T14:34:27.889267 #4509]  INFO -- : 0:  thread_safe (0.3.4) from /home/leandro/.rbenv/versions/2.0.0-p247/lib/ruby/gems/2.0.0/specifications/thread_safe-0.3.4.gemspec
I, [2014-06-27T14:34:27.889588 #4509]  INFO -- : 0:  tzinfo (1.2.1) from /home/leandro/.rbenv/versions/2.0.0-p247/lib/ruby/gems/2.0.0/specifications/tzinfo-1.2.1.gemspec
I, [2014-06-27T14:34:27.890040 #4509]  INFO -- : 0:  activesupport (4.1.2) from /home/leandro/.rbenv/versions/2.0.0-p247/lib/ruby/gems/2.0.0/specifications/activesupport-4.1.2.gemspec
I, [2014-06-27T14:34:27.890381 #4509]  INFO -- : 0:  builder (3.2.2) from /home/leandro/.rbenv/versions/2.0.0-p247/lib/ruby/gems/2.0.0/specifications/builder-3.2.2.gemspec
I, [2014-06-27T14:34:27.890715 #4509]  INFO -- : 0:  activemodel (4.1.2) from /home/leandro/.rbenv/versions/2.0.0-p247/lib/ruby/gems/2.0.0/specifications/activemodel-4.1.2.gemspec
I, [2014-06-27T14:34:27.891028 #4509]  INFO -- : 0:  arel (5.0.1.20140414130214) from /home/leandro/.rbenv/versions/2.0.0-p247/lib/ruby/gems/2.0.0/specifications/arel-5.0.1.20140414130214.gemspec
I, [2014-06-27T14:34:27.891340 #4509]  INFO -- : 0:  activerecord (4.1.2) from /home/leandro/.rbenv/versions/2.0.0-p247/lib/ruby/gems/2.0.0/specifications/activerecord-4.1.2.gemspec
I, [2014-06-27T14:34:27.891643 #4509]  INFO -- : 0:  descendants_tracker (0.0.4) from /home/leandro/.rbenv/versions/2.0.0-p247/lib/ruby/gems/2.0.0/specifications/descendants_tracker-0.0.4.gemspec
I, [2014-06-27T14:34:27.891943 #4509]  INFO -- : 0:  ice_nine (0.11.0) from /home/leandro/.rbenv/versions/2.0.0-p247/lib/ruby/gems/2.0.0/specifications/ice_nine-0.11.0.gemspec
I, [2014-06-27T14:34:27.892242 #4509]  INFO -- : 0:  axiom-types (0.1.1) from /home/leandro/.rbenv/versions/2.0.0-p247/lib/ruby/gems/2.0.0/specifications/axiom-types-0.1.1.gemspec
I, [2014-06-27T14:34:27.892537 #4509]  INFO -- : 0:  timers (1.1.0) from /home/leandro/.rbenv/versions/2.0.0-p247/lib/ruby/gems/2.0.0/specifications/timers-1.1.0.gemspec
I, [2014-06-27T14:34:27.892833 #4509]  INFO -- : 0:  celluloid (0.15.2) from /home/leandro/.rbenv/versions/2.0.0-p247/lib/ruby/gems/2.0.0/specifications/celluloid-0.15.2.gemspec
I, [2014-06-27T14:34:27.893131 #4509]  INFO -- : 0:  coderay (1.1.0) from /home/leandro/.rbenv/versions/2.0.0-p247/lib/ruby/gems/2.0.0/specifications/coderay-1.1.0.gemspec
I, [2014-06-27T14:34:27.893435 #4509]  INFO -- : 0:  coercible (1.0.0) from /home/leandro/.rbenv/versions/2.0.0-p247/lib/ruby/gems/2.0.0/specifications/coercible-1.0.0.gemspec
I, [2014-06-27T14:34:27.893732 #4509]  INFO -- : 0:  equalizer (0.0.9) from /home/leandro/.rbenv/versions/2.0.0-p247/lib/ruby/gems/2.0.0/specifications/equalizer-0.0.9.gemspec
I, [2014-06-27T14:34:27.894098 #4509]  INFO -- : 0:  multipart-post (2.0.0) from /home/leandro/.rbenv/versions/2.0.0-p247/lib/ruby/gems/2.0.0/specifications/multipart-post-2.0.0.gemspec
I, [2014-06-27T14:34:27.894440 #4509]  INFO -- : 0:  faraday (0.9.0) from /home/leandro/.rbenv/versions/2.0.0-p247/lib/ruby/gems/2.0.0/specifications/faraday-0.9.0.gemspec
I, [2014-06-27T14:34:27.894737 #4509]  INFO -- : 0:  ffi (1.9.3) from /home/leandro/.rbenv/versions/2.0.0-p247/lib/ruby/gems/2.0.0/specifications/ffi-1.9.3.gemspec
I, [2014-06-27T14:34:27.895034 #4509]  INFO -- : 0:  hashie (3.1.0) from /home/leandro/.rbenv/versions/2.0.0-p247/lib/ruby/gems/2.0.0/specifications/hashie-3.1.0.gemspec
I, [2014-06-27T14:34:27.895339 #4509]  INFO -- : 0:  multi_json (1.10.1) from /home/leandro/.rbenv/versions/2.0.0-p247/lib/ruby/gems/2.0.0/specifications/multi_json-1.10.1.gemspec
I, [2014-06-27T14:34:27.895652 #4509]  INFO -- : 0:  multi_xml (0.5.5) from /home/leandro/.rbenv/versions/2.0.0-p247/lib/ruby/gems/2.0.0/specifications/multi_xml-0.5.5.gemspec
I, [2014-06-27T14:34:27.895971 #4509]  INFO -- : 0:  rack (1.5.2) from /home/leandro/.rbenv/versions/2.0.0-p247/lib/ruby/gems/2.0.0/specifications/rack-1.5.2.gemspec
I, [2014-06-27T14:34:27.896277 #4509]  INFO -- : 0:  rack-accept (0.4.5) from /home/leandro/.rbenv/versions/2.0.0-p247/lib/ruby/gems/2.0.0/specifications/rack-accept-0.4.5.gemspec
I, [2014-06-27T14:34:27.896579 #4509]  INFO -- : 0:  rack-mount (0.8.3) from /home/leandro/.rbenv/versions/2.0.0-p247/lib/ruby/gems/2.0.0/specifications/rack-mount-0.8.3.gemspec
I, [2014-06-27T14:34:27.896881 #4509]  INFO -- : 0:  virtus (1.0.2) from /home/leandro/.rbenv/versions/2.0.0-p247/lib/ruby/gems/2.0.0/specifications/virtus-1.0.2.gemspec
I, [2014-06-27T14:34:27.897183 #4509]  INFO -- : 0:  grape (0.7.0) from /home/leandro/.rbenv/versions/2.0.0-p247/lib/ruby/gems/2.0.0/specifications/grape-0.7.0.gemspec
I, [2014-06-27T14:34:27.897486 #4509]  INFO -- : 0:  tilt (1.4.1) from /home/leandro/.rbenv/versions/2.0.0-p247/lib/ruby/gems/2.0.0/specifications/tilt-1.4.1.gemspec
I, [2014-06-27T14:34:27.897835 #4509]  INFO -- : 0:  haml (4.0.5) from /home/leandro/.rbenv/versions/2.0.0-p247/lib/ruby/gems/2.0.0/specifications/haml-4.0.5.gemspec
I, [2014-06-27T14:34:27.898203 #4509]  INFO -- : 0:  http_logger (0.4.3) from /home/leandro/.rbenv/versions/2.0.0-p247/lib/ruby/gems/2.0.0/specifications/http_logger-0.4.3.gemspec
I, [2014-06-27T14:34:27.898521 #4509]  INFO -- : 0:  jwt (1.0.0) from /home/leandro/.rbenv/versions/2.0.0-p247/lib/ruby/gems/2.0.0/specifications/jwt-1.0.0.gemspec
I, [2014-06-27T14:34:27.898820 #4509]  INFO -- : 0:  rb-fsevent (0.9.4) from /home/leandro/.rbenv/versions/2.0.0-p247/lib/ruby/gems/2.0.0/specifications/rb-fsevent-0.9.4.gemspec
I, [2014-06-27T14:34:27.899117 #4509]  INFO -- : 0:  rb-inotify (0.9.5) from /home/leandro/.rbenv/versions/2.0.0-p247/lib/ruby/gems/2.0.0/specifications/rb-inotify-0.9.5.gemspec
I, [2014-06-27T14:34:27.899429 #4509]  INFO -- : 0:  listen (2.7.9) from /home/leandro/.rbenv/versions/2.0.0-p247/lib/ruby/gems/2.0.0/specifications/listen-2.7.9.gemspec
I, [2014-06-27T14:34:27.899732 #4509]  INFO -- : 0:  method_source (0.8.2) from /home/leandro/.rbenv/versions/2.0.0-p247/lib/ruby/gems/2.0.0/specifications/method_source-0.8.2.gemspec
I, [2014-06-27T14:34:27.900038 #4509]  INFO -- : 0:  mysql2 (0.3.16) from /home/leandro/.rbenv/versions/2.0.0-p247/lib/ruby/gems/2.0.0/specifications/mysql2-0.3.16.gemspec
I, [2014-06-27T14:34:27.900338 #4509]  INFO -- : 0:  oauth2 (0.9.4) from /home/leandro/.rbenv/versions/2.0.0-p247/lib/ruby/gems/2.0.0/specifications/oauth2-0.9.4.gemspec
I, [2014-06-27T14:34:27.900640 #4509]  INFO -- : 0:  slop (3.5.0) from /home/leandro/.rbenv/versions/2.0.0-p247/lib/ruby/gems/2.0.0/specifications/slop-3.5.0.gemspec
I, [2014-06-27T14:34:27.900973 #4509]  INFO -- : 0:  pry (0.10.0) from /home/leandro/.rbenv/versions/2.0.0-p247/lib/ruby/gems/2.0.0/specifications/pry-0.10.0.gemspec
I, [2014-06-27T14:34:27.901266 #4509]  INFO -- : 0:  rack-flash3 (1.0.5) from /home/leandro/.rbenv/versions/2.0.0-p247/lib/ruby/gems/2.0.0/specifications/rack-flash3-1.0.5.gemspec
I, [2014-06-27T14:34:27.901569 #4509]  INFO -- : 0:  rack-protection (1.5.3) from /home/leandro/.rbenv/versions/2.0.0-p247/lib/ruby/gems/2.0.0/specifications/rack-protection-1.5.3.gemspec
I, [2014-06-27T14:34:27.901862 #4509]  INFO -- : 0:  rerun (0.10.0) from /home/leandro/.rbenv/versions/2.0.0-p247/lib/ruby/gems/2.0.0/specifications/rerun-0.10.0.gemspec
I, [2014-06-27T14:34:27.902200 #4509]  INFO -- : 0:  sinatra (1.4.5) from /home/leandro/.rbenv/versions/2.0.0-p247/lib/ruby/gems/2.0.0/specifications/sinatra-1.4.5.gemspec
I, [2014-06-27T14:34:27.902591 #4509]  INFO -- : 0:  sinatra-activerecord (2.0.2) from /home/leandro/.rbenv/versions/2.0.0-p247/lib/ruby/gems/2.0.0/specifications/sinatra-activerecord-2.0.2.gemspec
I, [2014-06-27T14:34:27.902870 #4509]  INFO -- : 0:  bundler (1.5.1) from /home/leandro/.rbenv/versions/2.0.0-p247/lib/ruby/gems/2.0.0/specifications/bundler-1.5.1.gemspec
I, [2014-06-27T15:37:37.378847 #14663]  INFO -- : 0:  rake (10.3.2) from /home/leandro/.rbenv/versions/2.0.0-p247/lib/ruby/gems/2.0.0/specifications/rake-10.3.2.gemspec
I, [2014-06-27T15:37:37.379392 #14663]  INFO -- : 0:  i18n (0.6.9) from /home/leandro/.rbenv/versions/2.0.0-p247/lib/ruby/gems/2.0.0/specifications/i18n-0.6.9.gemspec
I, [2014-06-27T15:37:37.379685 #14663]  INFO -- : 0:  json (1.8.1) from /home/leandro/.rbenv/versions/2.0.0-p247/lib/ruby/gems/2.0.0/specifications/json-1.8.1.gemspec
I, [2014-06-27T15:37:37.379993 #14663]  INFO -- : 0:  minitest (5.3.5) from /home/leandro/.rbenv/versions/2.0.0-p247/lib/ruby/gems/2.0.0/specifications/minitest-5.3.5.gemspec
I, [2014-06-27T15:37:37.380294 #14663]  INFO -- : 0:  thread_safe (0.3.4) from /home/leandro/.rbenv/versions/2.0.0-p247/lib/ruby/gems/2.0.0/specifications/thread_safe-0.3.4.gemspec
I, [2014-06-27T15:37:37.380647 #14663]  INFO -- : 0:  tzinfo (1.2.1) from /home/leandro/.rbenv/versions/2.0.0-p247/lib/ruby/gems/2.0.0/specifications/tzinfo-1.2.1.gemspec
I, [2014-06-27T15:37:37.380929 #14663]  INFO -- : 0:  activesupport (4.1.2) from /home/leandro/.rbenv/versions/2.0.0-p247/lib/ruby/gems/2.0.0/specifications/activesupport-4.1.2.gemspec
I, [2014-06-27T15:37:37.381197 #14663]  INFO -- : 0:  builder (3.2.2) from /home/leandro/.rbenv/versions/2.0.0-p247/lib/ruby/gems/2.0.0/specifications/builder-3.2.2.gemspec
I, [2014-06-27T15:37:37.381479 #14663]  INFO -- : 0:  activemodel (4.1.2) from /home/leandro/.rbenv/versions/2.0.0-p247/lib/ruby/gems/2.0.0/specifications/activemodel-4.1.2.gemspec
I, [2014-06-27T15:37:37.381767 #14663]  INFO -- : 0:  arel (5.0.1.20140414130214) from /home/leandro/.rbenv/versions/2.0.0-p247/lib/ruby/gems/2.0.0/specifications/arel-5.0.1.20140414130214.gemspec
I, [2014-06-27T15:37:37.382043 #14663]  INFO -- : 0:  activerecord (4.1.2) from /home/leandro/.rbenv/versions/2.0.0-p247/lib/ruby/gems/2.0.0/specifications/activerecord-4.1.2.gemspec
I, [2014-06-27T15:37:37.382307 #14663]  INFO -- : 0:  descendants_tracker (0.0.4) from /home/leandro/.rbenv/versions/2.0.0-p247/lib/ruby/gems/2.0.0/specifications/descendants_tracker-0.0.4.gemspec
I, [2014-06-27T15:37:37.382586 #14663]  INFO -- : 0:  ice_nine (0.11.0) from /home/leandro/.rbenv/versions/2.0.0-p247/lib/ruby/gems/2.0.0/specifications/ice_nine-0.11.0.gemspec
I, [2014-06-27T15:37:37.382837 #14663]  INFO -- : 0:  axiom-types (0.1.1) from /home/leandro/.rbenv/versions/2.0.0-p247/lib/ruby/gems/2.0.0/specifications/axiom-types-0.1.1.gemspec
I, [2014-06-27T15:37:37.383095 #14663]  INFO -- : 0:  timers (1.1.0) from /home/leandro/.rbenv/versions/2.0.0-p247/lib/ruby/gems/2.0.0/specifications/timers-1.1.0.gemspec
I, [2014-06-27T15:37:37.383353 #14663]  INFO -- : 0:  celluloid (0.15.2) from /home/leandro/.rbenv/versions/2.0.0-p247/lib/ruby/gems/2.0.0/specifications/celluloid-0.15.2.gemspec
I, [2014-06-27T15:37:37.383611 #14663]  INFO -- : 0:  coderay (1.1.0) from /home/leandro/.rbenv/versions/2.0.0-p247/lib/ruby/gems/2.0.0/specifications/coderay-1.1.0.gemspec
I, [2014-06-27T15:37:37.383867 #14663]  INFO -- : 0:  coercible (1.0.0) from /home/leandro/.rbenv/versions/2.0.0-p247/lib/ruby/gems/2.0.0/specifications/coercible-1.0.0.gemspec
I, [2014-06-27T15:37:37.462211 #14663]  INFO -- : 0:  equalizer (0.0.9) from /home/leandro/.rbenv/versions/2.0.0-p247/lib/ruby/gems/2.0.0/specifications/equalizer-0.0.9.gemspec
I, [2014-06-27T15:37:37.462817 #14663]  INFO -- : 0:  multipart-post (2.0.0) from /home/leandro/.rbenv/versions/2.0.0-p247/lib/ruby/gems/2.0.0/specifications/multipart-post-2.0.0.gemspec
I, [2014-06-27T15:37:37.463261 #14663]  INFO -- : 0:  faraday (0.9.0) from /home/leandro/.rbenv/versions/2.0.0-p247/lib/ruby/gems/2.0.0/specifications/faraday-0.9.0.gemspec
I, [2014-06-27T15:37:37.463690 #14663]  INFO -- : 0:  ffi (1.9.3) from /home/leandro/.rbenv/versions/2.0.0-p247/lib/ruby/gems/2.0.0/specifications/ffi-1.9.3.gemspec
I, [2014-06-27T15:37:37.464104 #14663]  INFO -- : 0:  hashie (3.1.0) from /home/leandro/.rbenv/versions/2.0.0-p247/lib/ruby/gems/2.0.0/specifications/hashie-3.1.0.gemspec
I, [2014-06-27T15:37:37.464535 #14663]  INFO -- : 0:  multi_json (1.10.1) from /home/leandro/.rbenv/versions/2.0.0-p247/lib/ruby/gems/2.0.0/specifications/multi_json-1.10.1.gemspec
I, [2014-06-27T15:37:37.464947 #14663]  INFO -- : 0:  multi_xml (0.5.5) from /home/leandro/.rbenv/versions/2.0.0-p247/lib/ruby/gems/2.0.0/specifications/multi_xml-0.5.5.gemspec
I, [2014-06-27T15:37:37.465359 #14663]  INFO -- : 0:  rack (1.5.2) from /home/leandro/.rbenv/versions/2.0.0-p247/lib/ruby/gems/2.0.0/specifications/rack-1.5.2.gemspec
I, [2014-06-27T15:37:37.465770 #14663]  INFO -- : 0:  rack-accept (0.4.5) from /home/leandro/.rbenv/versions/2.0.0-p247/lib/ruby/gems/2.0.0/specifications/rack-accept-0.4.5.gemspec
I, [2014-06-27T15:37:37.466177 #14663]  INFO -- : 0:  rack-mount (0.8.3) from /home/leandro/.rbenv/versions/2.0.0-p247/lib/ruby/gems/2.0.0/specifications/rack-mount-0.8.3.gemspec
I, [2014-06-27T15:37:37.466711 #14663]  INFO -- : 0:  virtus (1.0.2) from /home/leandro/.rbenv/versions/2.0.0-p247/lib/ruby/gems/2.0.0/specifications/virtus-1.0.2.gemspec
I, [2014-06-27T15:37:37.467233 #14663]  INFO -- : 0:  grape (0.7.0) from /home/leandro/.rbenv/versions/2.0.0-p247/lib/ruby/gems/2.0.0/specifications/grape-0.7.0.gemspec
I, [2014-06-27T15:37:37.467743 #14663]  INFO -- : 0:  tilt (1.4.1) from /home/leandro/.rbenv/versions/2.0.0-p247/lib/ruby/gems/2.0.0/specifications/tilt-1.4.1.gemspec
I, [2014-06-27T15:37:37.468282 #14663]  INFO -- : 0:  haml (4.0.5) from /home/leandro/.rbenv/versions/2.0.0-p247/lib/ruby/gems/2.0.0/specifications/haml-4.0.5.gemspec
I, [2014-06-27T15:37:45.308277 #14663]  INFO -- : 0:  httparty (0.13.1) from /home/leandro/.rbenv/versions/2.0.0-p247/lib/ruby/gems/2.0.0/specifications/httparty-0.13.1.gemspec
I, [2014-06-27T15:37:49.929961 #14663]  INFO -- : 0:  hipchat (1.2.0) from /home/leandro/.rbenv/versions/2.0.0-p247/lib/ruby/gems/2.0.0/specifications/hipchat-1.2.0.gemspec
I, [2014-06-27T15:37:49.931494 #14663]  INFO -- : 0:  http_logger (0.4.3) from /home/leandro/.rbenv/versions/2.0.0-p247/lib/ruby/gems/2.0.0/specifications/http_logger-0.4.3.gemspec
I, [2014-06-27T15:37:49.932289 #14663]  INFO -- : 0:  jwt (1.0.0) from /home/leandro/.rbenv/versions/2.0.0-p247/lib/ruby/gems/2.0.0/specifications/jwt-1.0.0.gemspec
I, [2014-06-27T15:37:49.933108 #14663]  INFO -- : 0:  rb-fsevent (0.9.4) from /home/leandro/.rbenv/versions/2.0.0-p247/lib/ruby/gems/2.0.0/specifications/rb-fsevent-0.9.4.gemspec
I, [2014-06-27T15:37:49.933951 #14663]  INFO -- : 0:  rb-inotify (0.9.5) from /home/leandro/.rbenv/versions/2.0.0-p247/lib/ruby/gems/2.0.0/specifications/rb-inotify-0.9.5.gemspec
I, [2014-06-27T15:37:49.934829 #14663]  INFO -- : 0:  listen (2.7.9) from /home/leandro/.rbenv/versions/2.0.0-p247/lib/ruby/gems/2.0.0/specifications/listen-2.7.9.gemspec
I, [2014-06-27T15:37:49.935590 #14663]  INFO -- : 0:  method_source (0.8.2) from /home/leandro/.rbenv/versions/2.0.0-p247/lib/ruby/gems/2.0.0/specifications/method_source-0.8.2.gemspec
I, [2014-06-27T15:37:49.936378 #14663]  INFO -- : 0:  oauth2 (0.9.4) from /home/leandro/.rbenv/versions/2.0.0-p247/lib/ruby/gems/2.0.0/specifications/oauth2-0.9.4.gemspec
I, [2014-06-27T15:37:49.937166 #14663]  INFO -- : 0:  pg (0.17.1) from /home/leandro/.rbenv/versions/2.0.0-p247/lib/ruby/gems/2.0.0/specifications/pg-0.17.1.gemspec
I, [2014-06-27T15:37:49.937905 #14663]  INFO -- : 0:  slop (3.5.0) from /home/leandro/.rbenv/versions/2.0.0-p247/lib/ruby/gems/2.0.0/specifications/slop-3.5.0.gemspec
I, [2014-06-27T15:37:49.938747 #14663]  INFO -- : 0:  pry (0.10.0) from /home/leandro/.rbenv/versions/2.0.0-p247/lib/ruby/gems/2.0.0/specifications/pry-0.10.0.gemspec
I, [2014-06-27T15:37:49.939069 #14663]  INFO -- : 0:  rack-flash3 (1.0.5) from /home/leandro/.rbenv/versions/2.0.0-p247/lib/ruby/gems/2.0.0/specifications/rack-flash3-1.0.5.gemspec
I, [2014-06-27T15:37:49.939386 #14663]  INFO -- : 0:  rack-protection (1.5.3) from /home/leandro/.rbenv/versions/2.0.0-p247/lib/ruby/gems/2.0.0/specifications/rack-protection-1.5.3.gemspec
I, [2014-06-27T15:37:49.939684 #14663]  INFO -- : 0:  rerun (0.10.0) from /home/leandro/.rbenv/versions/2.0.0-p247/lib/ruby/gems/2.0.0/specifications/rerun-0.10.0.gemspec
I, [2014-06-27T15:37:49.939978 #14663]  INFO -- : 0:  sinatra (1.4.5) from /home/leandro/.rbenv/versions/2.0.0-p247/lib/ruby/gems/2.0.0/specifications/sinatra-1.4.5.gemspec
I, [2014-06-27T15:37:49.940267 #14663]  INFO -- : 0:  sinatra-activerecord (2.0.2) from /home/leandro/.rbenv/versions/2.0.0-p247/lib/ruby/gems/2.0.0/specifications/sinatra-activerecord-2.0.2.gemspec
I, [2014-06-27T15:37:49.940532 #14663]  INFO -- : 0:  bundler (1.5.1) from /home/leandro/.rbenv/versions/2.0.0-p247/lib/ruby/gems/2.0.0/specifications/bundler-1.5.1.gemspec
I, [2014-06-27T18:39:56.764572 #19167]  INFO -- : 0:  rake (10.3.2) from /home/leandro/.rbenv/versions/2.0.0-p247/lib/ruby/gems/2.0.0/specifications/rake-10.3.2.gemspec
I, [2014-06-27T18:39:56.765156 #19167]  INFO -- : 0:  i18n (0.6.9) from /home/leandro/.rbenv/versions/2.0.0-p247/lib/ruby/gems/2.0.0/specifications/i18n-0.6.9.gemspec
I, [2014-06-27T18:39:56.765487 #19167]  INFO -- : 0:  json (1.8.1) from /home/leandro/.rbenv/versions/2.0.0-p247/lib/ruby/gems/2.0.0/specifications/json-1.8.1.gemspec
I, [2014-06-27T18:39:56.765855 #19167]  INFO -- : 0:  minitest (5.3.5) from /home/leandro/.rbenv/versions/2.0.0-p247/lib/ruby/gems/2.0.0/specifications/minitest-5.3.5.gemspec
I, [2014-06-27T18:39:56.766167 #19167]  INFO -- : 0:  thread_safe (0.3.4) from /home/leandro/.rbenv/versions/2.0.0-p247/lib/ruby/gems/2.0.0/specifications/thread_safe-0.3.4.gemspec
I, [2014-06-27T18:39:56.767125 #19167]  INFO -- : 0:  tzinfo (1.2.1) from /home/leandro/.rbenv/versions/2.0.0-p247/lib/ruby/gems/2.0.0/specifications/tzinfo-1.2.1.gemspec
I, [2014-06-27T18:39:56.768643 #19167]  INFO -- : 0:  activesupport (4.1.2) from /home/leandro/.rbenv/versions/2.0.0-p247/lib/ruby/gems/2.0.0/specifications/activesupport-4.1.2.gemspec
I, [2014-06-27T18:39:56.769822 #19167]  INFO -- : 0:  builder (3.2.2) from /home/leandro/.rbenv/versions/2.0.0-p247/lib/ruby/gems/2.0.0/specifications/builder-3.2.2.gemspec
I, [2014-06-27T18:39:56.771228 #19167]  INFO -- : 0:  activemodel (4.1.2) from /home/leandro/.rbenv/versions/2.0.0-p247/lib/ruby/gems/2.0.0/specifications/activemodel-4.1.2.gemspec
I, [2014-06-27T18:39:56.772306 #19167]  INFO -- : 0:  arel (5.0.1.20140414130214) from /home/leandro/.rbenv/versions/2.0.0-p247/lib/ruby/gems/2.0.0/specifications/arel-5.0.1.20140414130214.gemspec
I, [2014-06-27T18:39:56.773279 #19167]  INFO -- : 0:  activerecord (4.1.2) from /home/leandro/.rbenv/versions/2.0.0-p247/lib/ruby/gems/2.0.0/specifications/activerecord-4.1.2.gemspec
I, [2014-06-27T18:39:56.774202 #19167]  INFO -- : 0:  descendants_tracker (0.0.4) from /home/leandro/.rbenv/versions/2.0.0-p247/lib/ruby/gems/2.0.0/specifications/descendants_tracker-0.0.4.gemspec
I, [2014-06-27T18:39:56.775102 #19167]  INFO -- : 0:  ice_nine (0.11.0) from /home/leandro/.rbenv/versions/2.0.0-p247/lib/ruby/gems/2.0.0/specifications/ice_nine-0.11.0.gemspec
I, [2014-06-27T18:39:56.775963 #19167]  INFO -- : 0:  axiom-types (0.1.1) from /home/leandro/.rbenv/versions/2.0.0-p247/lib/ruby/gems/2.0.0/specifications/axiom-types-0.1.1.gemspec
I, [2014-06-27T18:39:56.776825 #19167]  INFO -- : 0:  timers (1.1.0) from /home/leandro/.rbenv/versions/2.0.0-p247/lib/ruby/gems/2.0.0/specifications/timers-1.1.0.gemspec
I, [2014-06-27T18:39:56.790870 #19167]  INFO -- : 0:  celluloid (0.15.2) from /home/leandro/.rbenv/versions/2.0.0-p247/lib/ruby/gems/2.0.0/specifications/celluloid-0.15.2.gemspec
I, [2014-06-27T18:39:56.791378 #19167]  INFO -- : 0:  coderay (1.1.0) from /home/leandro/.rbenv/versions/2.0.0-p247/lib/ruby/gems/2.0.0/specifications/coderay-1.1.0.gemspec
I, [2014-06-27T18:39:56.791855 #19167]  INFO -- : 0:  coercible (1.0.0) from /home/leandro/.rbenv/versions/2.0.0-p247/lib/ruby/gems/2.0.0/specifications/coercible-1.0.0.gemspec
I, [2014-06-27T18:39:56.792297 #19167]  INFO -- : 0:  equalizer (0.0.9) from /home/leandro/.rbenv/versions/2.0.0-p247/lib/ruby/gems/2.0.0/specifications/equalizer-0.0.9.gemspec
I, [2014-06-27T18:39:56.792747 #19167]  INFO -- : 0:  multipart-post (2.0.0) from /home/leandro/.rbenv/versions/2.0.0-p247/lib/ruby/gems/2.0.0/specifications/multipart-post-2.0.0.gemspec
I, [2014-06-27T18:39:56.793191 #19167]  INFO -- : 0:  faraday (0.9.0) from /home/leandro/.rbenv/versions/2.0.0-p247/lib/ruby/gems/2.0.0/specifications/faraday-0.9.0.gemspec
I, [2014-06-27T18:39:56.793633 #19167]  INFO -- : 0:  ffi (1.9.3) from /home/leandro/.rbenv/versions/2.0.0-p247/lib/ruby/gems/2.0.0/specifications/ffi-1.9.3.gemspec
I, [2014-06-27T18:39:56.794076 #19167]  INFO -- : 0:  hashie (3.1.0) from /home/leandro/.rbenv/versions/2.0.0-p247/lib/ruby/gems/2.0.0/specifications/hashie-3.1.0.gemspec
I, [2014-06-27T18:39:56.794546 #19167]  INFO -- : 0:  multi_json (1.10.1) from /home/leandro/.rbenv/versions/2.0.0-p247/lib/ruby/gems/2.0.0/specifications/multi_json-1.10.1.gemspec
I, [2014-06-27T18:39:56.794994 #19167]  INFO -- : 0:  multi_xml (0.5.5) from /home/leandro/.rbenv/versions/2.0.0-p247/lib/ruby/gems/2.0.0/specifications/multi_xml-0.5.5.gemspec
I, [2014-06-27T18:39:56.795425 #19167]  INFO -- : 0:  rack (1.5.2) from /home/leandro/.rbenv/versions/2.0.0-p247/lib/ruby/gems/2.0.0/specifications/rack-1.5.2.gemspec
I, [2014-06-27T18:39:56.795824 #19167]  INFO -- : 0:  rack-accept (0.4.5) from /home/leandro/.rbenv/versions/2.0.0-p247/lib/ruby/gems/2.0.0/specifications/rack-accept-0.4.5.gemspec
I, [2014-06-27T18:39:56.796340 #19167]  INFO -- : 0:  rack-mount (0.8.3) from /home/leandro/.rbenv/versions/2.0.0-p247/lib/ruby/gems/2.0.0/specifications/rack-mount-0.8.3.gemspec
I, [2014-06-27T18:39:56.796871 #19167]  INFO -- : 0:  virtus (1.0.2) from /home/leandro/.rbenv/versions/2.0.0-p247/lib/ruby/gems/2.0.0/specifications/virtus-1.0.2.gemspec
I, [2014-06-27T18:39:56.797526 #19167]  INFO -- : 0:  grape (0.7.0) from /home/leandro/.rbenv/versions/2.0.0-p247/lib/ruby/gems/2.0.0/specifications/grape-0.7.0.gemspec
I, [2014-06-27T18:39:56.798213 #19167]  INFO -- : 0:  tilt (1.4.1) from /home/leandro/.rbenv/versions/2.0.0-p247/lib/ruby/gems/2.0.0/specifications/tilt-1.4.1.gemspec
I, [2014-06-27T18:39:56.798995 #19167]  INFO -- : 0:  haml (4.0.5) from /home/leandro/.rbenv/versions/2.0.0-p247/lib/ruby/gems/2.0.0/specifications/haml-4.0.5.gemspec
I, [2014-06-27T18:39:56.799836 #19167]  INFO -- : 0:  http_logger (0.4.3) from /home/leandro/.rbenv/versions/2.0.0-p247/lib/ruby/gems/2.0.0/specifications/http_logger-0.4.3.gemspec
I, [2014-06-27T18:39:56.800562 #19167]  INFO -- : 0:  jwt (1.0.0) from /home/leandro/.rbenv/versions/2.0.0-p247/lib/ruby/gems/2.0.0/specifications/jwt-1.0.0.gemspec
I, [2014-06-27T18:39:56.801306 #19167]  INFO -- : 0:  rb-fsevent (0.9.4) from /home/leandro/.rbenv/versions/2.0.0-p247/lib/ruby/gems/2.0.0/specifications/rb-fsevent-0.9.4.gemspec
I, [2014-06-27T18:39:56.801872 #19167]  INFO -- : 0:  rb-inotify (0.9.5) from /home/leandro/.rbenv/versions/2.0.0-p247/lib/ruby/gems/2.0.0/specifications/rb-inotify-0.9.5.gemspec
I, [2014-06-27T18:39:56.802726 #19167]  INFO -- : 0:  listen (2.7.9) from /home/leandro/.rbenv/versions/2.0.0-p247/lib/ruby/gems/2.0.0/specifications/listen-2.7.9.gemspec
I, [2014-06-27T18:39:56.803081 #19167]  INFO -- : 0:  method_source (0.8.2) from /home/leandro/.rbenv/versions/2.0.0-p247/lib/ruby/gems/2.0.0/specifications/method_source-0.8.2.gemspec
I, [2014-06-27T18:39:56.803449 #19167]  INFO -- : 0:  oauth2 (0.9.4) from /home/leandro/.rbenv/versions/2.0.0-p247/lib/ruby/gems/2.0.0/specifications/oauth2-0.9.4.gemspec
I, [2014-06-27T18:39:56.803772 #19167]  INFO -- : 0:  pg (0.17.1) from /home/leandro/.rbenv/versions/2.0.0-p247/lib/ruby/gems/2.0.0/specifications/pg-0.17.1.gemspec
I, [2014-06-27T18:39:56.804066 #19167]  INFO -- : 0:  slop (3.5.0) from /home/leandro/.rbenv/versions/2.0.0-p247/lib/ruby/gems/2.0.0/specifications/slop-3.5.0.gemspec
I, [2014-06-27T18:39:56.804394 #19167]  INFO -- : 0:  pry (0.10.0) from /home/leandro/.rbenv/versions/2.0.0-p247/lib/ruby/gems/2.0.0/specifications/pry-0.10.0.gemspec
I, [2014-06-27T18:39:56.804711 #19167]  INFO -- : 0:  rack-flash3 (1.0.5) from /home/leandro/.rbenv/versions/2.0.0-p247/lib/ruby/gems/2.0.0/specifications/rack-flash3-1.0.5.gemspec
I, [2014-06-27T18:39:56.805030 #19167]  INFO -- : 0:  rack-protection (1.5.3) from /home/leandro/.rbenv/versions/2.0.0-p247/lib/ruby/gems/2.0.0/specifications/rack-protection-1.5.3.gemspec
I, [2014-06-27T18:39:56.805347 #19167]  INFO -- : 0:  rerun (0.10.0) from /home/leandro/.rbenv/versions/2.0.0-p247/lib/ruby/gems/2.0.0/specifications/rerun-0.10.0.gemspec
I, [2014-06-27T18:39:56.805667 #19167]  INFO -- : 0:  sinatra (1.4.5) from /home/leandro/.rbenv/versions/2.0.0-p247/lib/ruby/gems/2.0.0/specifications/sinatra-1.4.5.gemspec
I, [2014-06-27T18:39:56.805976 #19167]  INFO -- : 0:  sinatra-activerecord (2.0.2) from /home/leandro/.rbenv/versions/2.0.0-p247/lib/ruby/gems/2.0.0/specifications/sinatra-activerecord-2.0.2.gemspec
I, [2014-06-27T18:39:56.806217 #19167]  INFO -- : 0:  bundler (1.5.1) from /home/leandro/.rbenv/versions/2.0.0-p247/lib/ruby/gems/2.0.0/specifications/bundler-1.5.1.gemspec
I, [2014-06-27T18:49:21.038054 #20753]  INFO -- : 0:  rake (10.3.2) from /home/leandro/.rbenv/versions/2.0.0-p247/lib/ruby/gems/2.0.0/specifications/rake-10.3.2.gemspec
I, [2014-06-27T18:49:21.038714 #20753]  INFO -- : 0:  i18n (0.6.9) from /home/leandro/.rbenv/versions/2.0.0-p247/lib/ruby/gems/2.0.0/specifications/i18n-0.6.9.gemspec
I, [2014-06-27T18:49:21.039096 #20753]  INFO -- : 0:  json (1.8.1) from /home/leandro/.rbenv/versions/2.0.0-p247/lib/ruby/gems/2.0.0/specifications/json-1.8.1.gemspec
I, [2014-06-27T18:49:21.039453 #20753]  INFO -- : 0:  minitest (5.3.5) from /home/leandro/.rbenv/versions/2.0.0-p247/lib/ruby/gems/2.0.0/specifications/minitest-5.3.5.gemspec
I, [2014-06-27T18:49:21.039796 #20753]  INFO -- : 0:  thread_safe (0.3.4) from /home/leandro/.rbenv/versions/2.0.0-p247/lib/ruby/gems/2.0.0/specifications/thread_safe-0.3.4.gemspec
I, [2014-06-27T18:49:21.040113 #20753]  INFO -- : 0:  tzinfo (1.2.1) from /home/leandro/.rbenv/versions/2.0.0-p247/lib/ruby/gems/2.0.0/specifications/tzinfo-1.2.1.gemspec
I, [2014-06-27T18:49:21.040461 #20753]  INFO -- : 0:  activesupport (4.1.2) from /home/leandro/.rbenv/versions/2.0.0-p247/lib/ruby/gems/2.0.0/specifications/activesupport-4.1.2.gemspec
I, [2014-06-27T18:49:21.040805 #20753]  INFO -- : 0:  builder (3.2.2) from /home/leandro/.rbenv/versions/2.0.0-p247/lib/ruby/gems/2.0.0/specifications/builder-3.2.2.gemspec
I, [2014-06-27T18:49:21.041161 #20753]  INFO -- : 0:  activemodel (4.1.2) from /home/leandro/.rbenv/versions/2.0.0-p247/lib/ruby/gems/2.0.0/specifications/activemodel-4.1.2.gemspec
I, [2014-06-27T18:49:21.041517 #20753]  INFO -- : 0:  arel (5.0.1.20140414130214) from /home/leandro/.rbenv/versions/2.0.0-p247/lib/ruby/gems/2.0.0/specifications/arel-5.0.1.20140414130214.gemspec
I, [2014-06-27T18:49:21.041859 #20753]  INFO -- : 0:  activerecord (4.1.2) from /home/leandro/.rbenv/versions/2.0.0-p247/lib/ruby/gems/2.0.0/specifications/activerecord-4.1.2.gemspec
I, [2014-06-27T18:49:21.042213 #20753]  INFO -- : 0:  descendants_tracker (0.0.4) from /home/leandro/.rbenv/versions/2.0.0-p247/lib/ruby/gems/2.0.0/specifications/descendants_tracker-0.0.4.gemspec
I, [2014-06-27T18:49:21.042537 #20753]  INFO -- : 0:  ice_nine (0.11.0) from /home/leandro/.rbenv/versions/2.0.0-p247/lib/ruby/gems/2.0.0/specifications/ice_nine-0.11.0.gemspec
I, [2014-06-27T18:49:21.042870 #20753]  INFO -- : 0:  axiom-types (0.1.1) from /home/leandro/.rbenv/versions/2.0.0-p247/lib/ruby/gems/2.0.0/specifications/axiom-types-0.1.1.gemspec
I, [2014-06-27T18:49:21.043196 #20753]  INFO -- : 0:  timers (1.1.0) from /home/leandro/.rbenv/versions/2.0.0-p247/lib/ruby/gems/2.0.0/specifications/timers-1.1.0.gemspec
I, [2014-06-27T18:49:21.043516 #20753]  INFO -- : 0:  celluloid (0.15.2) from /home/leandro/.rbenv/versions/2.0.0-p247/lib/ruby/gems/2.0.0/specifications/celluloid-0.15.2.gemspec
I, [2014-06-27T18:49:21.043830 #20753]  INFO -- : 0:  coderay (1.1.0) from /home/leandro/.rbenv/versions/2.0.0-p247/lib/ruby/gems/2.0.0/specifications/coderay-1.1.0.gemspec
I, [2014-06-27T18:49:21.044147 #20753]  INFO -- : 0:  coercible (1.0.0) from /home/leandro/.rbenv/versions/2.0.0-p247/lib/ruby/gems/2.0.0/specifications/coercible-1.0.0.gemspec
I, [2014-06-27T18:49:21.044463 #20753]  INFO -- : 0:  equalizer (0.0.9) from /home/leandro/.rbenv/versions/2.0.0-p247/lib/ruby/gems/2.0.0/specifications/equalizer-0.0.9.gemspec
I, [2014-06-27T18:49:21.044760 #20753]  INFO -- : 0:  multipart-post (2.0.0) from /home/leandro/.rbenv/versions/2.0.0-p247/lib/ruby/gems/2.0.0/specifications/multipart-post-2.0.0.gemspec
I, [2014-06-27T18:49:21.045074 #20753]  INFO -- : 0:  faraday (0.9.0) from /home/leandro/.rbenv/versions/2.0.0-p247/lib/ruby/gems/2.0.0/specifications/faraday-0.9.0.gemspec
I, [2014-06-27T18:49:21.045392 #20753]  INFO -- : 0:  ffi (1.9.3) from /home/leandro/.rbenv/versions/2.0.0-p247/lib/ruby/gems/2.0.0/specifications/ffi-1.9.3.gemspec
I, [2014-06-27T18:49:21.045708 #20753]  INFO -- : 0:  hashie (3.1.0) from /home/leandro/.rbenv/versions/2.0.0-p247/lib/ruby/gems/2.0.0/specifications/hashie-3.1.0.gemspec
I, [2014-06-27T18:49:21.046037 #20753]  INFO -- : 0:  multi_json (1.10.1) from /home/leandro/.rbenv/versions/2.0.0-p247/lib/ruby/gems/2.0.0/specifications/multi_json-1.10.1.gemspec
I, [2014-06-27T18:49:21.046360 #20753]  INFO -- : 0:  multi_xml (0.5.5) from /home/leandro/.rbenv/versions/2.0.0-p247/lib/ruby/gems/2.0.0/specifications/multi_xml-0.5.5.gemspec
I, [2014-06-27T18:49:21.046683 #20753]  INFO -- : 0:  rack (1.5.2) from /home/leandro/.rbenv/versions/2.0.0-p247/lib/ruby/gems/2.0.0/specifications/rack-1.5.2.gemspec
I, [2014-06-27T18:49:21.047001 #20753]  INFO -- : 0:  rack-accept (0.4.5) from /home/leandro/.rbenv/versions/2.0.0-p247/lib/ruby/gems/2.0.0/specifications/rack-accept-0.4.5.gemspec
I, [2014-06-27T18:49:21.047318 #20753]  INFO -- : 0:  rack-mount (0.8.3) from /home/leandro/.rbenv/versions/2.0.0-p247/lib/ruby/gems/2.0.0/specifications/rack-mount-0.8.3.gemspec
I, [2014-06-27T18:49:21.047638 #20753]  INFO -- : 0:  virtus (1.0.2) from /home/leandro/.rbenv/versions/2.0.0-p247/lib/ruby/gems/2.0.0/specifications/virtus-1.0.2.gemspec
I, [2014-06-27T18:49:21.047955 #20753]  INFO -- : 0:  grape (0.7.0) from /home/leandro/.rbenv/versions/2.0.0-p247/lib/ruby/gems/2.0.0/specifications/grape-0.7.0.gemspec
I, [2014-06-27T18:49:21.048269 #20753]  INFO -- : 0:  tilt (1.4.1) from /home/leandro/.rbenv/versions/2.0.0-p247/lib/ruby/gems/2.0.0/specifications/tilt-1.4.1.gemspec
I, [2014-06-27T18:49:21.048587 #20753]  INFO -- : 0:  haml (4.0.5) from /home/leandro/.rbenv/versions/2.0.0-p247/lib/ruby/gems/2.0.0/specifications/haml-4.0.5.gemspec
I, [2014-06-27T18:49:21.048904 #20753]  INFO -- : 0:  http_logger (0.4.3) from /home/leandro/.rbenv/versions/2.0.0-p247/lib/ruby/gems/2.0.0/specifications/http_logger-0.4.3.gemspec
I, [2014-06-27T18:49:21.049226 #20753]  INFO -- : 0:  httparty (0.13.1) from /home/leandro/.rbenv/versions/2.0.0-p247/lib/ruby/gems/2.0.0/specifications/httparty-0.13.1.gemspec
I, [2014-06-27T18:49:21.049520 #20753]  INFO -- : 0:  jwt (1.0.0) from /home/leandro/.rbenv/versions/2.0.0-p247/lib/ruby/gems/2.0.0/specifications/jwt-1.0.0.gemspec
I, [2014-06-27T18:49:21.049834 #20753]  INFO -- : 0:  rb-fsevent (0.9.4) from /home/leandro/.rbenv/versions/2.0.0-p247/lib/ruby/gems/2.0.0/specifications/rb-fsevent-0.9.4.gemspec
I, [2014-06-27T18:49:21.050150 #20753]  INFO -- : 0:  rb-inotify (0.9.5) from /home/leandro/.rbenv/versions/2.0.0-p247/lib/ruby/gems/2.0.0/specifications/rb-inotify-0.9.5.gemspec
I, [2014-06-27T18:49:21.050492 #20753]  INFO -- : 0:  listen (2.7.9) from /home/leandro/.rbenv/versions/2.0.0-p247/lib/ruby/gems/2.0.0/specifications/listen-2.7.9.gemspec
I, [2014-06-27T18:49:21.050810 #20753]  INFO -- : 0:  method_source (0.8.2) from /home/leandro/.rbenv/versions/2.0.0-p247/lib/ruby/gems/2.0.0/specifications/method_source-0.8.2.gemspec
I, [2014-06-27T18:49:21.051122 #20753]  INFO -- : 0:  oauth2 (0.9.4) from /home/leandro/.rbenv/versions/2.0.0-p247/lib/ruby/gems/2.0.0/specifications/oauth2-0.9.4.gemspec
I, [2014-06-27T18:49:21.051443 #20753]  INFO -- : 0:  pg (0.17.1) from /home/leandro/.rbenv/versions/2.0.0-p247/lib/ruby/gems/2.0.0/specifications/pg-0.17.1.gemspec
I, [2014-06-27T18:49:21.051739 #20753]  INFO -- : 0:  slop (3.5.0) from /home/leandro/.rbenv/versions/2.0.0-p247/lib/ruby/gems/2.0.0/specifications/slop-3.5.0.gemspec
I, [2014-06-27T18:49:21.052053 #20753]  INFO -- : 0:  pry (0.10.0) from /home/leandro/.rbenv/versions/2.0.0-p247/lib/ruby/gems/2.0.0/specifications/pry-0.10.0.gemspec
I, [2014-06-27T18:49:21.052367 #20753]  INFO -- : 0:  rack-flash3 (1.0.5) from /home/leandro/.rbenv/versions/2.0.0-p247/lib/ruby/gems/2.0.0/specifications/rack-flash3-1.0.5.gemspec
I, [2014-06-27T18:49:21.052686 #20753]  INFO -- : 0:  rack-protection (1.5.3) from /home/leandro/.rbenv/versions/2.0.0-p247/lib/ruby/gems/2.0.0/specifications/rack-protection-1.5.3.gemspec
I, [2014-06-27T18:49:21.053000 #20753]  INFO -- : 0:  rerun (0.10.0) from /home/leandro/.rbenv/versions/2.0.0-p247/lib/ruby/gems/2.0.0/specifications/rerun-0.10.0.gemspec
I, [2014-06-27T18:49:21.053313 #20753]  INFO -- : 0:  sinatra (1.4.5) from /home/leandro/.rbenv/versions/2.0.0-p247/lib/ruby/gems/2.0.0/specifications/sinatra-1.4.5.gemspec
I, [2014-06-27T18:49:21.053625 #20753]  INFO -- : 0:  sinatra-activerecord (2.0.2) from /home/leandro/.rbenv/versions/2.0.0-p247/lib/ruby/gems/2.0.0/specifications/sinatra-activerecord-2.0.2.gemspec
I, [2014-06-27T18:49:21.053905 #20753]  INFO -- : 0:  bundler (1.5.1) from /home/leandro/.rbenv/versions/2.0.0-p247/lib/ruby/gems/2.0.0/specifications/bundler-1.5.1.gemspec
